11/16/2013 8:45:26 PM	This log contains information about the import schema operation into project 'HomeTracks_Database' on computer 'OURFIRSTPC' by user 'Kiran'.
11/16/2013 8:45:27 PM	Import of database schema has started.
11/16/2013 8:45:40 PM	Gathering database options
11/16/2013 8:45:40 PM	Gathering users
11/16/2013 8:45:40 PM	Gathering roles
11/16/2013 8:45:40 PM	Gathering application roles
11/16/2013 8:45:40 PM	Gathering role memberships
11/16/2013 8:45:40 PM	Gathering filegroups
11/16/2013 8:45:40 PM	Gathering full-text catalogs
11/16/2013 8:45:40 PM	Gathering assemblies
11/16/2013 8:45:40 PM	Gathering certificates
11/16/2013 8:45:40 PM	Gathering asymmetric keys
11/16/2013 8:45:40 PM	Gathering symmetric keys
11/16/2013 8:45:40 PM	Gathering encrypted symmetric keys
11/16/2013 8:45:40 PM	Gathering schemas
11/16/2013 8:45:40 PM	Gathering XML schema collections
11/16/2013 8:45:40 PM	Gathering user-defined data types
11/16/2013 8:45:40 PM	Gathering user-defined types
11/16/2013 8:45:40 PM	Gathering table types
11/16/2013 8:45:40 PM	Gathering unique keys for table types
11/16/2013 8:45:40 PM	Gathering primary keys for table types
11/16/2013 8:45:40 PM	Gathering check constraints for table types
11/16/2013 8:45:40 PM	Gathering default constraints for table types
11/16/2013 8:45:40 PM	Gathering partition functions
11/16/2013 8:45:40 PM	Gathering partition schemes
11/16/2013 8:45:40 PM	Gathering functions
11/16/2013 8:45:40 PM	Gathering encrypted functions
11/16/2013 8:45:40 PM	Gathering aggregates
11/16/2013 8:45:40 PM	Gathering procedures
11/16/2013 8:45:40 PM	Gathering encrypted procedures
11/16/2013 8:45:40 PM	Gathering tables
11/16/2013 8:45:40 PM	Gathering primary keys
11/16/2013 8:45:40 PM	Gathering unique constraints
11/16/2013 8:45:40 PM	Gathering foreign keys
11/16/2013 8:45:40 PM	Gathering default constraints
11/16/2013 8:45:40 PM	Gathering check constraints
11/16/2013 8:45:40 PM	Gathering views
11/16/2013 8:45:40 PM	Gathering encrypted views
11/16/2013 8:45:40 PM	Gathering indexes
11/16/2013 8:45:40 PM	Gathering statistics
11/16/2013 8:45:40 PM	Gathering full-text index stoplists
11/16/2013 8:45:40 PM	Gathering search property lists
11/16/2013 8:45:40 PM	Gathering search properties
11/16/2013 8:45:40 PM	Gathering full-text indexes
11/16/2013 8:45:40 PM	Gathering column store indexes
11/16/2013 8:45:40 PM	Gathering spatial indexes
11/16/2013 8:45:40 PM	Gathering XML indexes
11/16/2013 8:45:40 PM	Gathering encrypted triggers
11/16/2013 8:45:40 PM	Gathering triggers
11/16/2013 8:45:40 PM	Gathering encrypted and clr ddl triggers
11/16/2013 8:45:40 PM	Gathering ddl triggers
11/16/2013 8:45:40 PM	Gathering synonyms
11/16/2013 8:45:40 PM	Gathering defaults
11/16/2013 8:45:40 PM	Gathering data constraint uddt bindings
11/16/2013 8:45:40 PM	Gathering rules
11/16/2013 8:45:40 PM	Gathering data constraint uddt bindings
11/16/2013 8:45:40 PM	Gathering message types
11/16/2013 8:45:40 PM	Gathering queues
11/16/2013 8:45:40 PM	Gathering contracts
11/16/2013 8:45:40 PM	Gathering services
11/16/2013 8:45:40 PM	Gathering event notifications
11/16/2013 8:45:40 PM	Gathering remote service bindings
11/16/2013 8:45:40 PM	Gathering broker priorities
11/16/2013 8:45:40 PM	Gathering signatures
11/16/2013 8:45:41 PM	Gathering data compression options
11/16/2013 8:45:41 PM	Gathering sequence types
11/16/2013 8:45:41 PM	Gathering extended properties
11/16/2013 8:45:41 PM	Gathering credentials
11/16/2013 8:45:41 PM	Gathering logins
11/16/2013 8:45:41 PM	Gathering server audits
11/16/2013 8:45:41 PM	Scanning project for duplicate elements
11/16/2013 8:45:41 PM	Finished duplicate element processing
11/16/2013 8:45:42 PM	Finished importing database.
11/16/2013 8:45:42 PM	A summary of the import was saved to the following location: C:\Users\Kiran\Documents\GitHub\HomeTracks\HomeTracks\HomeTracks_Database\Import Schema Logs\HomeTracks_Database_20131117044526.log
11/16/2013 8:45:42 PM	Click Finish to continue...
